<?xml version="1.0" encoding="UTF-8"?>
<!-- Generated by org.testng.reporters.JUnitReportReporter -->
<testsuite hostname="epcomedw08ce" failures="0" tests="4" name="UserLoginTest" time="6.286" errors="0" timestamp="2025-03-05T11:35:50 COT" skipped="0">
  <testcase classname="UserLoginTest" name="ErrorPasswordMessage" time="1.506"/>
  <testcase classname="UserLoginTest" name="ErrorPasswordMessage" time="1.528"/>
  <testcase classname="UserLoginTest" name="successfulSigUp" time="1.646"/>
  <testcase classname="UserLoginTest" name="successfulSigUp" time="1.606"/>
</testsuite> <!-- UserLoginTest -->
