<?xml version="1.0" encoding="UTF-8"?>
<!-- Generated by org.testng.reporters.JUnitReportReporter -->
<testsuite hostname="epcomedw08ce" failures="0" tests="4" name="UserSignUpTest" time="7.224" errors="0" timestamp="2025-03-05T11:35:50 COT" skipped="0">
  <testcase classname="UserSignUpTest" name="ErrorPasswordMessage" time="1.639"/>
  <testcase classname="UserSignUpTest" name="successfulSigUp" time="1.841"/>
  <testcase classname="UserSignUpTest" name="ErrorPasswordMessage" time="1.731"/>
  <testcase classname="UserSignUpTest" name="successfulSigUp" time="2.013"/>
</testsuite> <!-- UserSignUpTest -->
