<?xml version="1.0" encoding="UTF-8"?>
<!-- Generated by org.testng.reporters.JUnitReportReporter -->
<testsuite hostname="epcomedw08ce" failures="0" tests="1" name="BuyABookTest" time="36.444" errors="0" timestamp="2025-03-05T11:35:50 COT" skipped="0">
  <testcase classname="BuyABookTest" name="buyABook" time="36.444"/>
</testsuite> <!-- BuyABookTest -->
